\BOOKMARK [1][]{section.1}{\376\377\0001\000\040\000O\000v\000e\000r\000v\000i\000e\000w}{}% 1
\BOOKMARK [2][]{subsection.1.1}{\376\377\0001\000.\0001\000\040\000I\000n\000t\000r\000o\000d\000u\000c\000t\000i\000o\000n\000\040\000a\000n\000d\000\040\000G\000o\000a\000l}{section.1}% 2
\BOOKMARK [2][]{subsection.1.2}{\376\377\0001\000.\0002\000\040\000A\000l\000g\000o\000r\000i\000t\000h\000m\000\040\000S\000t\000e\000p\000s}{section.1}% 3
\BOOKMARK [2][]{subsection.1.3}{\376\377\0001\000.\0003\000\040\000T\000e\000r\000m\000i\000n\000o\000l\000o\000g\000y}{section.1}% 4
\BOOKMARK [1][]{section.2}{\376\377\0002\000\040\000T\000h\000e\000\040\000A\000l\000g\000o\000r\000i\000t\000h\000m}{}% 5
\BOOKMARK [2][]{subsection.2.1}{\376\377\0002\000.\0001\000\040\000F\000i\000l\000t\000e\000r\000\040\000S\000i\000m\000u\000l\000a\000t\000i\000o\000n\000\040\000C\000l\000a\000s\000s}{section.2}% 6
\BOOKMARK [3][-]{subsubsection.2.1.1}{\376\377\0002\000.\0001\000.\0001\000\040\000I\000m\000p\000o\000r\000t\000i\000n\000g\000\040\000L\000i\000b\000r\000a\000r\000i\000e\000s}{subsection.2.1}% 7
\BOOKMARK [3][-]{subsubsection.2.1.2}{\376\377\0002\000.\0001\000.\0002\000\040\000F\000i\000l\000t\000e\000r\000\040\000M\000e\000t\000h\000o\000d}{subsection.2.1}% 8
\BOOKMARK [3][-]{subsubsection.2.1.3}{\376\377\0002\000.\0001\000.\0003\000\040\000T\000h\000e\000\040\000S\000e\000t\000u\000p}{subsection.2.1}% 9
\BOOKMARK [3][-]{subsubsection.2.1.4}{\376\377\0002\000.\0001\000.\0004\000\040\000C\000o\000n\000v\000o\000l\000u\000t\000i\000o\000n\000\040\000"\000F\000i\000l\000t\000e\000r\000\040\000S\000i\000m\000u\000l\000a\000t\000i\000o\000n\000"}{subsection.2.1}% 10
\BOOKMARK [3][-]{subsubsection.2.1.5}{\376\377\0002\000.\0001\000.\0005\000\040\000I\000n\000t\000e\000r\000p\000o\000l\000a\000t\000i\000o\000n\000\040\000M\000e\000t\000h\000o\000d}{subsection.2.1}% 11
\BOOKMARK [3][-]{subsubsection.2.1.6}{\376\377\0002\000.\0001\000.\0006\000\040\000T\000h\000e\000\040\000F\000i\000l\000t\000e\000r\000\040\000P\000r\000e\000c\000o\000m\000p\000e\000n\000s\000a\000t\000i\000o\000n}{subsection.2.1}% 12
\BOOKMARK [3][-]{subsubsection.2.1.7}{\376\377\0002\000.\0001\000.\0007\000\040\000T\000i\000k\000h\000o\000n\000o\000v\000\040\000R\000e\000g\000u\000l\000a\000r\000i\000z\000a\000t\000i\000o\000n}{subsection.2.1}% 13
\BOOKMARK [3][-]{subsubsection.2.1.8}{\376\377\0002\000.\0001\000.\0008\000\040\000T\000r\000i\000m\000m\000i\000n\000g\000\040\000M\000e\000t\000h\000o\000d}{subsection.2.1}% 14
\BOOKMARK [3][-]{subsubsection.2.1.9}{\376\377\0002\000.\0001\000.\0009\000\040\000F\000i\000l\000t\000e\000r\000i\000n\000g\000\040\000t\000h\000e\000\040\000P\000r\000e\000c\000o\000m\000p\000e\000n\000s\000a\000t\000e\000d\000\040\000W\000a\000v\000e\000f\000o\000r\000m}{subsection.2.1}% 15
\BOOKMARK [3][-]{subsubsection.2.1.10}{\376\377\0002\000.\0001\000.\0001\0000\000\040\000P\000l\000o\000t\000t\000e\000r\000\040\000M\000e\000t\000h\000o\000d}{subsection.2.1}% 16
\BOOKMARK [2][]{subsection.2.2}{\376\377\0002\000.\0002\000\040\000O\000p\000t\000i\000m\000i\000z\000e\000\040\000C\000l\000a\000s\000s}{section.2}% 17
\BOOKMARK [3][-]{subsubsection.2.2.1}{\376\377\0002\000.\0002\000.\0001\000\040\000P\000a\000r\000a\000m\000e\000t\000e\000r\000s\000\040\000a\000n\000d\000\040\000O\000p\000t\000i\000m\000i\000z\000a\000t\000i\000o\000n\000\040\000L\000o\000g\000i\000c}{subsection.2.2}% 18
\BOOKMARK [3][-]{subsubsection.2.2.2}{\376\377\0002\000.\0002\000.\0002\000\040\000O\000p\000t\000i\000m\000i\000z\000e\000r\000\040\000M\000e\000t\000h\000o\000d}{subsection.2.2}% 19
\BOOKMARK [3][-]{subsubsection.2.2.3}{\376\377\0002\000.\0002\000.\0003\000\040\000H\000e\000a\000t\000m\000a\000p\000\040\000M\000e\000t\000h\000o\000d}{subsection.2.2}% 20
\BOOKMARK [3][-]{subsubsection.2.2.4}{\376\377\0002\000.\0002\000.\0004\000\040\000E\000r\000r\000o\000r\000\040\000P\000l\000o\000t\000t\000e\000r\000\040\000M\000e\000t\000h\000o\000d}{subsection.2.2}% 21
\BOOKMARK [3][-]{subsubsection.2.2.5}{\376\377\0002\000.\0002\000.\0005\000\040\000T\000r\000a\000d\000e\000o\000f\000f\000\040\000P\000l\000o\000t\000\040\000M\000e\000t\000h\000o\000d}{subsection.2.2}% 22
\BOOKMARK [1][]{section.3}{\376\377\0003\000\040\000U\000s\000e\000\040\000C\000a\000s\000e\000s}{}% 23
\BOOKMARK [2][]{subsection.3.1}{\376\377\0003\000.\0001\000\040\000N\000e\000i\000g\000h\000b\000o\000r\000i\000n\000g\000\040\000S\000e\000g\000m\000e\000n\000t\000\040\000T\000r\000a\000n\000s\000p\000o\000r\000t}{section.3}% 24
\BOOKMARK [3][-]{subsubsection.3.1.1}{\376\377\0003\000.\0001\000.\0001\000\040\000E\000x\000a\000m\000p\000l\000e\000\040\000C\000a\000s\000e\000\040\0001\000:\000\040\000G\000o\000o\000d\000\040\000f\000o\000r\000\040\000L\000o\000w\000\040\000E\000r\000r\000o\000r\000\040\000o\000r\000\040\000L\000a\000r\000g\000e\000\040\000C\000o\000m\000p\000r\000e\000s\000s\000i\000o\000n\000s}{subsection.3.1}% 25
\BOOKMARK [3][-]{subsubsection.3.1.2}{\376\377\0003\000.\0001\000.\0002\000\040\000E\000x\000a\000m\000p\000l\000e\000\040\000C\000a\000s\000e\000\040\0002\000:\000\040\000S\000h\000o\000r\000t\000e\000r\000\040\000W\000a\000v\000e\000f\000o\000r\000m\000s\000\040\000w\000i\000t\000h\000\040\000P\000a\000d\000d\000i\000n\000g\000\040\000a\000n\000d\000\040\000W\000e\000i\000g\000h\000t\000s\000\040\000R\000e\000p\000a\000r\000a\000m\000e\000t\000e\000r\000i\000z\000a\000t\000i\000o\000n}{subsection.3.1}% 26
\BOOKMARK [3][-]{subsubsection.3.1.3}{\376\377\0003\000.\0001\000.\0003\000\040\000E\000x\000a\000m\000p\000l\000e\000\040\000C\000a\000s\000e\000\040\0003\000:\000\040\000T\000h\000e\000\040\000N\000a\000t\000u\000r\000e\000\040\000o\000f\000\040\000L\000a\000r\000g\000e\000\040\000C\000o\000m\000p\000r\000e\000s\000s\000i\000o\000n\000s}{subsection.3.1}% 27
\BOOKMARK [2][]{subsection.3.2}{\376\377\0003\000.\0002\000\040\000M\000u\000l\000t\000i\000p\000l\000e\000\040\000S\000e\000g\000m\000e\000n\000t\000\040\000T\000r\000a\000n\000s\000p\000o\000r\000t}{section.3}% 28
\BOOKMARK [1][]{section.4}{\376\377\0004\000\040\000C\000o\000n\000c\000l\000u\000s\000i\000o\000n}{}% 29
\BOOKMARK [2][]{subsection.4.1}{\376\377\0004\000.\0001\000\040\000C\000l\000o\000s\000i\000n\000g\000\040\000T\000h\000o\000u\000g\000h\000t\000s}{section.4}% 30
\BOOKMARK [2][]{subsection.4.2}{\376\377\0004\000.\0002\000\040\000H\000a\000r\000d\000w\000a\000r\000e\000\040\000L\000i\000m\000i\000t\000a\000t\000i\000o\000n\000s}{section.4}% 31
\BOOKMARK [1][]{section.5}{\376\377\0005\000\040\000C\000o\000d\000e\000\040\000R\000e\000f\000e\000r\000e\000n\000c\000e}{}% 32
